<?xml version="1.0" encoding="UTF-8"?>
<!-- Generated by org.testng.reporters.JUnitXMLReporter -->
<testsuite hostname="DESKTOP-P2RM02V" name="Test" tests="1" failures="1" timestamp="20 Mar 2021 14:18:49 GMT" time="1.13" errors="0">
  <testcase name="executed" time="0.777" classname="com.crm.vtiger.test.CreateOrganWitMembersof_6">
    <failure type="java.lang.NullPointerException">
      <![CDATA[java.lang.NullPointerException
	at com.crm.vtiger.genericutility.WebdriverUtilities.waitForPagetoLoad(WebdriverUtilities.java:108)
	at com.crm.vtiger.test.CreateOrganWitMembersof_6.executed(CreateOrganWitMembersof_6.java:26)
... Removed 25 stack frames]]>
    </failure>
  </testcase> <!-- executed -->
</testsuite> <!-- Test -->
