<?xml version="1.0" encoding="UTF-8"?>
<!-- Generated by org.testng.reporters.JUnitXMLReporter -->
<testsuite hostname="DESKTOP-P2RM02V" name="Test2" tests="2" failures="2" timestamp="20 Mar 2021 14:32:55 GMT" time="1.305" errors="0">
  <testcase name="cases" time="0.87" classname="com.crm.vtiger.test.CreateOrganWithAssignedToMarketingGrp_11">
    <failure type="java.lang.NullPointerException">
      <![CDATA[java.lang.NullPointerException
	at com.crm.vtiger.genericutility.WebdriverUtilities.waitForPagetoLoad(WebdriverUtilities.java:108)
	at com.crm.vtiger.test.CreateOrganWithAssignedToMarketingGrp_11.cases(CreateOrganWithAssignedToMarketingGrp_11.java:27)
... Removed 25 stack frames]]>
    </failure>
  </testcase> <!-- cases -->
  <testcase name="adminuserdropdon" time="0.032" classname="com.crm.vtiger.test.CreateOrganByuserAdmin_10">
    <failure type="java.lang.NullPointerException">
      <![CDATA[java.lang.NullPointerException
	at com.crm.vtiger.genericutility.WebdriverUtilities.waitForPagetoLoad(WebdriverUtilities.java:108)
	at com.crm.vtiger.test.CreateOrganByuserAdmin_10.adminuserdropdon(CreateOrganByuserAdmin_10.java:19)
... Removed 25 stack frames]]>
    </failure>
  </testcase> <!-- adminuserdropdon -->
</testsuite> <!-- Test2 -->
