<?xml version="1.0" encoding="UTF-8"?>
<!-- Generated by org.testng.reporters.JUnitXMLReporter -->
<testsuite hostname="DESKTOP-P2RM02V" ignored="6" name="Test" tests="7" failures="7" timestamp="2021-03-25T21:46:26 IST" time="80.97" errors="0">
  <testcase name="rating" time="0.257" classname="com.crm.vtiger.test.Createorganbyrating_12">
    <failure type="java.lang.BootstrapMethodError" message="java.lang.NoClassDefFoundError: org/apache/poi/ss/usermodel/WorkbookFactory$CreateWorkbook0">
      <![CDATA[java.lang.BootstrapMethodError: java.lang.NoClassDefFoundError: org/apache/poi/ss/usermodel/WorkbookFactory$CreateWorkbook0
at org.apache.poi.xssf.usermodel.XSSFWorkbookFactory.<clinit>(XSSFWorkbookFactory.java:34)
at org.apache.poi.ss.usermodel.WorkbookFactory.createWorkbook(WorkbookFactory.java:339)
at org.apache.poi.ss.usermodel.WorkbookFactory.createXSSFWorkbook(WorkbookFactory.java:314)
at org.apache.poi.ss.usermodel.WorkbookFactory.create(WorkbookFactory.java:232)
at org.apache.poi.ss.usermodel.WorkbookFactory.create(WorkbookFactory.java:198)
at com.crm.vtiger.genericutility.ExcelUtilities.getExceldata(ExcelUtilities.java:28)
at com.crm.vtiger.test.Createorganbyrating_12.rating(Createorganbyrating_12.java:18)
at java.util.ArrayList.forEach(ArrayList.java:1259)
at java.util.concurrent.FutureTask.run(FutureTask.java:266)
at java.util.concurrent.ThreadPoolExecutor.runWorker(ThreadPoolExecutor.java:1149)
at java.util.concurrent.ThreadPoolExecutor$Worker.run(ThreadPoolExecutor.java:624)
at java.lang.Thread.run(Thread.java:748)
Caused by: java.lang.NoClassDefFoundError: org/apache/poi/ss/usermodel/WorkbookFactory$CreateWorkbook0
... 34 more
Caused by: java.lang.ClassNotFoundException: org.apache.poi.ss.usermodel.WorkbookFactory$CreateWorkbook0
at java.net.URLClassLoader.findClass(URLClassLoader.java:382)
at java.lang.ClassLoader.loadClass(ClassLoader.java:418)
at sun.misc.Launcher$AppClassLoader.loadClass(Launcher.java:355)
at java.lang.ClassLoader.loadClass(ClassLoader.java:351)
... 34 more
... Removed 22 stack frames]]>
    </failure>
  </testcase> <!-- rating -->
  <testcase name="executed" time="0.001" classname="com.crm.vtiger.test.CreateOrganWitMembersof_6">
    <failure type="java.lang.NoClassDefFoundError" message="Could not initialize class org.apache.poi.xssf.usermodel.XSSFWorkbookFactory">
      <![CDATA[java.lang.NoClassDefFoundError: Could not initialize class org.apache.poi.xssf.usermodel.XSSFWorkbookFactory
at org.apache.poi.ss.usermodel.WorkbookFactory.createWorkbook(WorkbookFactory.java:339)
at org.apache.poi.ss.usermodel.WorkbookFactory.createXSSFWorkbook(WorkbookFactory.java:314)
at org.apache.poi.ss.usermodel.WorkbookFactory.create(WorkbookFactory.java:232)
at org.apache.poi.ss.usermodel.WorkbookFactory.create(WorkbookFactory.java:198)
at com.crm.vtiger.genericutility.ExcelUtilities.getExceldata(ExcelUtilities.java:28)
at com.crm.vtiger.test.CreateOrganWitMembersof_6.executed(CreateOrganWitMembersof_6.java:22)
at java.util.ArrayList.forEach(ArrayList.java:1259)
at java.util.concurrent.FutureTask.run(FutureTask.java:266)
at java.util.concurrent.ThreadPoolExecutor.runWorker(ThreadPoolExecutor.java:1149)
at java.util.concurrent.ThreadPoolExecutor$Worker.run(ThreadPoolExecutor.java:624)
at java.lang.Thread.run(Thread.java:748)
... Removed 22 stack frames]]>
    </failure>
  </testcase> <!-- executed -->
  <testcase name="erase" time="0.003" classname="com.crm.vtiger.test.CreateOrgaNameCheckForEnable_9">
    <failure type="java.lang.NoClassDefFoundError" message="Could not initialize class org.apache.poi.xssf.usermodel.XSSFWorkbookFactory">
      <![CDATA[java.lang.NoClassDefFoundError: Could not initialize class org.apache.poi.xssf.usermodel.XSSFWorkbookFactory
at org.apache.poi.ss.usermodel.WorkbookFactory.createWorkbook(WorkbookFactory.java:339)
at org.apache.poi.ss.usermodel.WorkbookFactory.createXSSFWorkbook(WorkbookFactory.java:314)
at org.apache.poi.ss.usermodel.WorkbookFactory.create(WorkbookFactory.java:232)
at org.apache.poi.ss.usermodel.WorkbookFactory.create(WorkbookFactory.java:198)
at com.crm.vtiger.genericutility.ExcelUtilities.getExceldata(ExcelUtilities.java:28)
at com.crm.vtiger.test.CreateOrgaNameCheckForEnable_9.erase(CreateOrgaNameCheckForEnable_9.java:25)
at java.util.ArrayList.forEach(ArrayList.java:1259)
at java.util.concurrent.FutureTask.run(FutureTask.java:266)
at java.util.concurrent.ThreadPoolExecutor.runWorker(ThreadPoolExecutor.java:1149)
at java.util.concurrent.ThreadPoolExecutor$Worker.run(ThreadPoolExecutor.java:624)
at java.lang.Thread.run(Thread.java:748)
... Removed 22 stack frames]]>
    </failure>
  </testcase> <!-- erase -->
  <testcase name="cases" time="0.002" classname="com.crm.vtiger.test.CreateOrganWithAssignedToMarketingGrp_11">
    <failure type="java.lang.NoClassDefFoundError" message="Could not initialize class org.apache.poi.xssf.usermodel.XSSFWorkbookFactory">
      <![CDATA[java.lang.NoClassDefFoundError: Could not initialize class org.apache.poi.xssf.usermodel.XSSFWorkbookFactory
at org.apache.poi.ss.usermodel.WorkbookFactory.createWorkbook(WorkbookFactory.java:339)
at org.apache.poi.ss.usermodel.WorkbookFactory.createXSSFWorkbook(WorkbookFactory.java:314)
at org.apache.poi.ss.usermodel.WorkbookFactory.create(WorkbookFactory.java:232)
at org.apache.poi.ss.usermodel.WorkbookFactory.create(WorkbookFactory.java:198)
at com.crm.vtiger.genericutility.ExcelUtilities.getExceldata(ExcelUtilities.java:28)
at com.crm.vtiger.test.CreateOrganWithAssignedToMarketingGrp_11.cases(CreateOrganWithAssignedToMarketingGrp_11.java:25)
at java.util.ArrayList.forEach(ArrayList.java:1259)
at java.util.concurrent.FutureTask.run(FutureTask.java:266)
at java.util.concurrent.ThreadPoolExecutor.runWorker(ThreadPoolExecutor.java:1149)
at java.util.concurrent.ThreadPoolExecutor$Worker.run(ThreadPoolExecutor.java:624)
at java.lang.Thread.run(Thread.java:748)
... Removed 22 stack frames]]>
    </failure>
  </testcase> <!-- cases -->
  <testcase name="adminuserdropdon" time="0.002" classname="com.crm.vtiger.test.CreateOrganByuserAdmin_10">
    <failure type="java.lang.NoClassDefFoundError" message="Could not initialize class org.apache.poi.xssf.usermodel.XSSFWorkbookFactory">
      <![CDATA[java.lang.NoClassDefFoundError: Could not initialize class org.apache.poi.xssf.usermodel.XSSFWorkbookFactory
at org.apache.poi.ss.usermodel.WorkbookFactory.createWorkbook(WorkbookFactory.java:339)
at org.apache.poi.ss.usermodel.WorkbookFactory.createXSSFWorkbook(WorkbookFactory.java:314)
at org.apache.poi.ss.usermodel.WorkbookFactory.create(WorkbookFactory.java:232)
at org.apache.poi.ss.usermodel.WorkbookFactory.create(WorkbookFactory.java:198)
at com.crm.vtiger.genericutility.ExcelUtilities.getExceldata(ExcelUtilities.java:28)
at com.crm.vtiger.test.CreateOrganByuserAdmin_10.adminuserdropdon(CreateOrganByuserAdmin_10.java:17)
at java.util.ArrayList.forEach(ArrayList.java:1259)
at java.util.concurrent.FutureTask.run(FutureTask.java:266)
at java.util.concurrent.ThreadPoolExecutor.runWorker(ThreadPoolExecutor.java:1149)
at java.util.concurrent.ThreadPoolExecutor$Worker.run(ThreadPoolExecutor.java:624)
at java.lang.Thread.run(Thread.java:748)
... Removed 22 stack frames]]>
    </failure>
  </testcase> <!-- adminuserdropdon -->
  <testcase name="erase" time="18.091" classname="com.crm.vtiger.test.CreateOrganWithMemAndClear_7">
    <failure type="java.lang.AssertionError" message="expected [true] but found [false]">
      <![CDATA[java.lang.AssertionError: expected [true] but found [false]
at com.crm.vtiger.test.CreateOrganWithMemAndClear_7.erase(CreateOrganWithMemAndClear_7.java:38)
at java.util.ArrayList.forEach(ArrayList.java:1259)
at java.util.concurrent.FutureTask.run(FutureTask.java:266)
at java.util.concurrent.ThreadPoolExecutor.runWorker(ThreadPoolExecutor.java:1149)
at java.util.concurrent.ThreadPoolExecutor$Worker.run(ThreadPoolExecutor.java:624)
at java.lang.Thread.run(Thread.java:748)
... Removed 22 stack frames]]>
    </failure>
  </testcase> <!-- erase -->
  <testcase name="erase" time="0.123" classname="com.crm.vtiger.test.CreateOrganWithEmailoptOut_8">
    <failure type="java.lang.NoClassDefFoundError" message="Could not initialize class org.apache.poi.xssf.usermodel.XSSFWorkbookFactory">
      <![CDATA[java.lang.NoClassDefFoundError: Could not initialize class org.apache.poi.xssf.usermodel.XSSFWorkbookFactory
at org.apache.poi.ss.usermodel.WorkbookFactory.createWorkbook(WorkbookFactory.java:339)
at org.apache.poi.ss.usermodel.WorkbookFactory.createXSSFWorkbook(WorkbookFactory.java:314)
at org.apache.poi.ss.usermodel.WorkbookFactory.create(WorkbookFactory.java:232)
at org.apache.poi.ss.usermodel.WorkbookFactory.create(WorkbookFactory.java:198)
at com.crm.vtiger.genericutility.ExcelUtilities.getExceldata(ExcelUtilities.java:28)
at com.crm.vtiger.test.CreateOrganWithEmailoptOut_8.erase(CreateOrganWithEmailoptOut_8.java:16)
at java.util.ArrayList.forEach(ArrayList.java:1259)
at java.util.concurrent.FutureTask.run(FutureTask.java:266)
at java.util.concurrent.ThreadPoolExecutor.runWorker(ThreadPoolExecutor.java:1149)
at java.util.concurrent.ThreadPoolExecutor$Worker.run(ThreadPoolExecutor.java:624)
at java.lang.Thread.run(Thread.java:748)
... Removed 22 stack frames]]>
    </failure>
  </testcase> <!-- erase -->
  <testcase name="@AfterSuite configAfterSuite" time="0.0" classname="com.crm.vtiger.genericutility.BaseClasss">
    <ignored/>
  </testcase> <!-- @AfterSuite configAfterSuite -->
  <testcase name="@AfterSuite configAfterSuite" time="0.0" classname="com.crm.vtiger.genericutility.BaseClasss">
    <ignored/>
  </testcase> <!-- @AfterSuite configAfterSuite -->
  <testcase name="@AfterSuite configAfterSuite" time="0.0" classname="com.crm.vtiger.genericutility.BaseClasss">
    <ignored/>
  </testcase> <!-- @AfterSuite configAfterSuite -->
  <testcase name="@BeforeSuite configBeforeSuite" time="0.0" classname="com.crm.vtiger.genericutility.BaseClasss">
    <ignored/>
  </testcase> <!-- @BeforeSuite configBeforeSuite -->
  <testcase name="@BeforeSuite configBeforeSuite" time="0.0" classname="com.crm.vtiger.genericutility.BaseClasss">
    <ignored/>
  </testcase> <!-- @BeforeSuite configBeforeSuite -->
  <testcase name="@BeforeSuite configBeforeSuite" time="0.0" classname="com.crm.vtiger.genericutility.BaseClasss">
    <ignored/>
  </testcase> <!-- @BeforeSuite configBeforeSuite -->
</testsuite> <!-- Test -->
