<?xml version="1.0" encoding="UTF-8"?>
<testng-results skipped="0" failed="4" ignored="6" total="10" passed="0">
  <reporter-output>
  </reporter-output>
  <suite name="Suite" duration-ms="80970" started-at="2021-03-25T21:45:05 IST" finished-at="2021-03-25T21:46:26 IST">
    <groups>
      <group name="regression">
        <method signature="CreateOrganByuserAdmin_10.adminuserdropdon()[pri:0, instance:com.crm.vtiger.test.CreateOrganByuserAdmin_10@134593bf]" name="adminuserdropdon" class="com.crm.vtiger.test.CreateOrganByuserAdmin_10"/>
        <method signature="CreateOrganWithAssignedToMarketingGrp_11.cases()[pri:0, instance:com.crm.vtiger.test.CreateOrganWithAssignedToMarketingGrp_11@4b53f538]" name="cases" class="com.crm.vtiger.test.CreateOrganWithAssignedToMarketingGrp_11"/>
      </group> <!-- regression -->
      <group name="smoke">
        <method signature="CreateOrganWitMembersof_6.executed()[pri:0, instance:com.crm.vtiger.test.CreateOrganWitMembersof_6@61ca2dfa]" name="executed" class="com.crm.vtiger.test.CreateOrganWitMembersof_6"/>
        <method signature="CreateOrganWithEmailoptOut_8.erase()[pri:0, instance:com.crm.vtiger.test.CreateOrganWithEmailoptOut_8@4bb4de6a]" name="erase" class="com.crm.vtiger.test.CreateOrganWithEmailoptOut_8"/>
        <method signature="CreateOrgaNameCheckForEnable_9.erase()[pri:0, instance:com.crm.vtiger.test.CreateOrgaNameCheckForEnable_9@6c9f5c0d]" name="erase" class="com.crm.vtiger.test.CreateOrgaNameCheckForEnable_9"/>
        <method signature="CreateOrganWithMemAndClear_7.erase()[pri:0, instance:com.crm.vtiger.test.CreateOrganWithMemAndClear_7@de3a06f]" name="erase" class="com.crm.vtiger.test.CreateOrganWithMemAndClear_7"/>
        <method signature="Createorganbyrating_12.rating()[pri:0, instance:com.crm.vtiger.test.Createorganbyrating_12@17695df3]" name="rating" class="com.crm.vtiger.test.Createorganbyrating_12"/>
      </group> <!-- smoke -->
    </groups>
    <test name="Test" duration-ms="80970" started-at="2021-03-25T21:45:05 IST" finished-at="2021-03-25T21:46:26 IST">
      <class name="com.crm.vtiger.test.CreateOrganWitMembersof_6">
        <test-method status="PASS" signature="configurBeforeclass()[pri:0, instance:com.crm.vtiger.test.CreateOrganWitMembersof_6@61ca2dfa]" name="configurBeforeclass" is-config="true" duration-ms="9131" started-at="2021-03-25T21:45:05 IST" finished-at="2021-03-25T21:45:14 IST">
          <reporter-output>
          </reporter-output>
        </test-method> <!-- configurBeforeclass -->
        <test-method status="PASS" signature="configBeforeMtd()[pri:0, instance:com.crm.vtiger.test.CreateOrganWitMembersof_6@61ca2dfa]" name="configBeforeMtd" is-config="true" duration-ms="6151" started-at="2021-03-25T21:45:14 IST" finished-at="2021-03-25T21:45:21 IST">
          <reporter-output>
          </reporter-output>
        </test-method> <!-- configBeforeMtd -->
        <test-method status="FAIL" signature="executed()[pri:0, instance:com.crm.vtiger.test.CreateOrganWitMembersof_6@61ca2dfa]" name="executed" duration-ms="1" started-at="2021-03-25T21:45:21 IST" finished-at="2021-03-25T21:45:21 IST">
          <exception class="java.lang.NoClassDefFoundError">
            <message>
              <![CDATA[Could not initialize class org.apache.poi.xssf.usermodel.XSSFWorkbookFactory]]>
            </message>
            <full-stacktrace>
              <![CDATA[java.lang.NoClassDefFoundError: Could not initialize class org.apache.poi.xssf.usermodel.XSSFWorkbookFactory
at sun.reflect.NativeMethodAccessorImpl.invoke0(Native Method)
at sun.reflect.NativeMethodAccessorImpl.invoke(NativeMethodAccessorImpl.java:62)
at sun.reflect.DelegatingMethodAccessorImpl.invoke(DelegatingMethodAccessorImpl.java:43)
at java.lang.reflect.Method.invoke(Method.java:498)
at org.apache.poi.ss.usermodel.WorkbookFactory.createWorkbook(WorkbookFactory.java:339)
at org.apache.poi.ss.usermodel.WorkbookFactory.createXSSFWorkbook(WorkbookFactory.java:314)
at org.apache.poi.ss.usermodel.WorkbookFactory.create(WorkbookFactory.java:232)
at org.apache.poi.ss.usermodel.WorkbookFactory.create(WorkbookFactory.java:198)
at com.crm.vtiger.genericutility.ExcelUtilities.getExceldata(ExcelUtilities.java:28)
at com.crm.vtiger.test.CreateOrganWitMembersof_6.executed(CreateOrganWitMembersof_6.java:22)
at sun.reflect.NativeMethodAccessorImpl.invoke0(Native Method)
at sun.reflect.NativeMethodAccessorImpl.invoke(NativeMethodAccessorImpl.java:62)
at sun.reflect.DelegatingMethodAccessorImpl.invoke(DelegatingMethodAccessorImpl.java:43)
at java.lang.reflect.Method.invoke(Method.java:498)
at org.testng.internal.MethodInvocationHelper.invokeMethod(MethodInvocationHelper.java:134)
at org.testng.internal.TestInvoker.invokeMethod(TestInvoker.java:597)
at org.testng.internal.TestInvoker.invokeTestMethod(TestInvoker.java:173)
at org.testng.internal.MethodRunner.runInSequence(MethodRunner.java:46)
at org.testng.internal.TestInvoker$MethodInvocationAgent.invoke(TestInvoker.java:816)
at org.testng.internal.TestInvoker.invokeTestMethods(TestInvoker.java:146)
at org.testng.internal.TestMethodWorker.invokeTestMethods(TestMethodWorker.java:146)
at org.testng.internal.TestMethodWorker.run(TestMethodWorker.java:128)
at java.util.ArrayList.forEach(ArrayList.java:1259)
at org.testng.TestRunner.privateRun(TestRunner.java:766)
at org.testng.TestRunner.run(TestRunner.java:587)
at org.testng.SuiteRunner.runTest(SuiteRunner.java:384)
at org.testng.SuiteRunner.access$000(SuiteRunner.java:28)
at org.testng.SuiteRunner$SuiteWorker.run(SuiteRunner.java:425)
at org.testng.internal.thread.ThreadUtil.lambda$execute$0(ThreadUtil.java:68)
at java.util.concurrent.FutureTask.run(FutureTask.java:266)
at java.util.concurrent.ThreadPoolExecutor.runWorker(ThreadPoolExecutor.java:1149)
at java.util.concurrent.ThreadPoolExecutor$Worker.run(ThreadPoolExecutor.java:624)
at java.lang.Thread.run(Thread.java:748)
]]>
            </full-stacktrace>
          </exception> <!-- java.lang.NoClassDefFoundError -->
          <reporter-output>
          </reporter-output>
        </test-method> <!-- executed -->
        <test-method status="PASS" signature="configAfterMethod()[pri:0, instance:com.crm.vtiger.test.CreateOrganWitMembersof_6@61ca2dfa]" name="configAfterMethod" is-config="true" duration-ms="5967" started-at="2021-03-25T21:45:21 IST" finished-at="2021-03-25T21:45:27 IST">
          <reporter-output>
          </reporter-output>
        </test-method> <!-- configAfterMethod -->
        <test-method status="PASS" signature="configAfterClass()[pri:0, instance:com.crm.vtiger.test.CreateOrganWitMembersof_6@61ca2dfa]" name="configAfterClass" is-config="true" duration-ms="852" started-at="2021-03-25T21:45:27 IST" finished-at="2021-03-25T21:45:28 IST">
          <reporter-output>
          </reporter-output>
        </test-method> <!-- configAfterClass -->
      </class> <!-- com.crm.vtiger.test.CreateOrganWitMembersof_6 -->
      <class name="com.crm.vtiger.test.CreateOrganWithEmailoptOut_8">
        <test-method status="PASS" signature="configurBeforeclass()[pri:0, instance:com.crm.vtiger.test.CreateOrganWithEmailoptOut_8@4bb4de6a]" name="configurBeforeclass" is-config="true" duration-ms="5868" started-at="2021-03-25T21:46:07 IST" finished-at="2021-03-25T21:46:13 IST">
          <reporter-output>
          </reporter-output>
        </test-method> <!-- configurBeforeclass -->
        <test-method status="PASS" signature="configBeforeMtd()[pri:0, instance:com.crm.vtiger.test.CreateOrganWithEmailoptOut_8@4bb4de6a]" name="configBeforeMtd" is-config="true" duration-ms="5467" started-at="2021-03-25T21:46:13 IST" finished-at="2021-03-25T21:46:18 IST">
          <reporter-output>
          </reporter-output>
        </test-method> <!-- configBeforeMtd -->
        <test-method status="FAIL" signature="erase()[pri:0, instance:com.crm.vtiger.test.CreateOrganWithEmailoptOut_8@4bb4de6a]" name="erase" duration-ms="123" started-at="2021-03-25T21:46:18 IST" finished-at="2021-03-25T21:46:19 IST">
          <exception class="java.lang.NoClassDefFoundError">
            <message>
              <![CDATA[Could not initialize class org.apache.poi.xssf.usermodel.XSSFWorkbookFactory]]>
            </message>
            <full-stacktrace>
              <![CDATA[java.lang.NoClassDefFoundError: Could not initialize class org.apache.poi.xssf.usermodel.XSSFWorkbookFactory
at sun.reflect.NativeMethodAccessorImpl.invoke0(Native Method)
at sun.reflect.NativeMethodAccessorImpl.invoke(NativeMethodAccessorImpl.java:62)
at sun.reflect.DelegatingMethodAccessorImpl.invoke(DelegatingMethodAccessorImpl.java:43)
at java.lang.reflect.Method.invoke(Method.java:498)
at org.apache.poi.ss.usermodel.WorkbookFactory.createWorkbook(WorkbookFactory.java:339)
at org.apache.poi.ss.usermodel.WorkbookFactory.createXSSFWorkbook(WorkbookFactory.java:314)
at org.apache.poi.ss.usermodel.WorkbookFactory.create(WorkbookFactory.java:232)
at org.apache.poi.ss.usermodel.WorkbookFactory.create(WorkbookFactory.java:198)
at com.crm.vtiger.genericutility.ExcelUtilities.getExceldata(ExcelUtilities.java:28)
at com.crm.vtiger.test.CreateOrganWithEmailoptOut_8.erase(CreateOrganWithEmailoptOut_8.java:16)
at sun.reflect.NativeMethodAccessorImpl.invoke0(Native Method)
at sun.reflect.NativeMethodAccessorImpl.invoke(NativeMethodAccessorImpl.java:62)
at sun.reflect.DelegatingMethodAccessorImpl.invoke(DelegatingMethodAccessorImpl.java:43)
at java.lang.reflect.Method.invoke(Method.java:498)
at org.testng.internal.MethodInvocationHelper.invokeMethod(MethodInvocationHelper.java:134)
at org.testng.internal.TestInvoker.invokeMethod(TestInvoker.java:597)
at org.testng.internal.TestInvoker.invokeTestMethod(TestInvoker.java:173)
at org.testng.internal.MethodRunner.runInSequence(MethodRunner.java:46)
at org.testng.internal.TestInvoker$MethodInvocationAgent.invoke(TestInvoker.java:816)
at org.testng.internal.TestInvoker.invokeTestMethods(TestInvoker.java:146)
at org.testng.internal.TestMethodWorker.invokeTestMethods(TestMethodWorker.java:146)
at org.testng.internal.TestMethodWorker.run(TestMethodWorker.java:128)
at java.util.ArrayList.forEach(ArrayList.java:1259)
at org.testng.TestRunner.privateRun(TestRunner.java:766)
at org.testng.TestRunner.run(TestRunner.java:587)
at org.testng.SuiteRunner.runTest(SuiteRunner.java:384)
at org.testng.SuiteRunner.access$000(SuiteRunner.java:28)
at org.testng.SuiteRunner$SuiteWorker.run(SuiteRunner.java:425)
at org.testng.internal.thread.ThreadUtil.lambda$execute$0(ThreadUtil.java:68)
at java.util.concurrent.FutureTask.run(FutureTask.java:266)
at java.util.concurrent.ThreadPoolExecutor.runWorker(ThreadPoolExecutor.java:1149)
at java.util.concurrent.ThreadPoolExecutor$Worker.run(ThreadPoolExecutor.java:624)
at java.lang.Thread.run(Thread.java:748)
]]>
            </full-stacktrace>
          </exception> <!-- java.lang.NoClassDefFoundError -->
          <reporter-output>
          </reporter-output>
        </test-method> <!-- erase -->
        <test-method status="PASS" signature="configAfterMethod()[pri:0, instance:com.crm.vtiger.test.CreateOrganWithEmailoptOut_8@4bb4de6a]" name="configAfterMethod" is-config="true" duration-ms="5744" started-at="2021-03-25T21:46:19 IST" finished-at="2021-03-25T21:46:25 IST">
          <reporter-output>
          </reporter-output>
        </test-method> <!-- configAfterMethod -->
        <test-method status="PASS" signature="configAfterClass()[pri:0, instance:com.crm.vtiger.test.CreateOrganWithEmailoptOut_8@4bb4de6a]" name="configAfterClass" is-config="true" duration-ms="1061" started-at="2021-03-25T21:46:25 IST" finished-at="2021-03-25T21:46:26 IST">
          <reporter-output>
          </reporter-output>
        </test-method> <!-- configAfterClass -->
      </class> <!-- com.crm.vtiger.test.CreateOrganWithEmailoptOut_8 -->
      <class name="com.crm.vtiger.test.CreateOrganWithAssignedToMarketingGrp_11">
        <test-method status="PASS" signature="configurBeforeclass()[pri:0, instance:com.crm.vtiger.test.CreateOrganWithAssignedToMarketingGrp_11@4b53f538]" name="configurBeforeclass" is-config="true" duration-ms="6022" started-at="2021-03-25T21:45:28 IST" finished-at="2021-03-25T21:45:34 IST">
          <reporter-output>
          </reporter-output>
        </test-method> <!-- configurBeforeclass -->
        <test-method status="PASS" signature="configBeforeMtd()[pri:0, instance:com.crm.vtiger.test.CreateOrganWithAssignedToMarketingGrp_11@4b53f538]" name="configBeforeMtd" is-config="true" duration-ms="5360" started-at="2021-03-25T21:45:34 IST" finished-at="2021-03-25T21:45:39 IST">
          <reporter-output>
          </reporter-output>
        </test-method> <!-- configBeforeMtd -->
        <test-method status="FAIL" signature="cases()[pri:0, instance:com.crm.vtiger.test.CreateOrganWithAssignedToMarketingGrp_11@4b53f538]" name="cases" duration-ms="2" started-at="2021-03-25T21:45:39 IST" finished-at="2021-03-25T21:45:39 IST">
          <exception class="java.lang.NoClassDefFoundError">
            <message>
              <![CDATA[Could not initialize class org.apache.poi.xssf.usermodel.XSSFWorkbookFactory]]>
            </message>
            <full-stacktrace>
              <![CDATA[java.lang.NoClassDefFoundError: Could not initialize class org.apache.poi.xssf.usermodel.XSSFWorkbookFactory
at sun.reflect.NativeMethodAccessorImpl.invoke0(Native Method)
at sun.reflect.NativeMethodAccessorImpl.invoke(NativeMethodAccessorImpl.java:62)
at sun.reflect.DelegatingMethodAccessorImpl.invoke(DelegatingMethodAccessorImpl.java:43)
at java.lang.reflect.Method.invoke(Method.java:498)
at org.apache.poi.ss.usermodel.WorkbookFactory.createWorkbook(WorkbookFactory.java:339)
at org.apache.poi.ss.usermodel.WorkbookFactory.createXSSFWorkbook(WorkbookFactory.java:314)
at org.apache.poi.ss.usermodel.WorkbookFactory.create(WorkbookFactory.java:232)
at org.apache.poi.ss.usermodel.WorkbookFactory.create(WorkbookFactory.java:198)
at com.crm.vtiger.genericutility.ExcelUtilities.getExceldata(ExcelUtilities.java:28)
at com.crm.vtiger.test.CreateOrganWithAssignedToMarketingGrp_11.cases(CreateOrganWithAssignedToMarketingGrp_11.java:25)
at sun.reflect.NativeMethodAccessorImpl.invoke0(Native Method)
at sun.reflect.NativeMethodAccessorImpl.invoke(NativeMethodAccessorImpl.java:62)
at sun.reflect.DelegatingMethodAccessorImpl.invoke(DelegatingMethodAccessorImpl.java:43)
at java.lang.reflect.Method.invoke(Method.java:498)
at org.testng.internal.MethodInvocationHelper.invokeMethod(MethodInvocationHelper.java:134)
at org.testng.internal.TestInvoker.invokeMethod(TestInvoker.java:597)
at org.testng.internal.TestInvoker.invokeTestMethod(TestInvoker.java:173)
at org.testng.internal.MethodRunner.runInSequence(MethodRunner.java:46)
at org.testng.internal.TestInvoker$MethodInvocationAgent.invoke(TestInvoker.java:816)
at org.testng.internal.TestInvoker.invokeTestMethods(TestInvoker.java:146)
at org.testng.internal.TestMethodWorker.invokeTestMethods(TestMethodWorker.java:146)
at org.testng.internal.TestMethodWorker.run(TestMethodWorker.java:128)
at java.util.ArrayList.forEach(ArrayList.java:1259)
at org.testng.TestRunner.privateRun(TestRunner.java:766)
at org.testng.TestRunner.run(TestRunner.java:587)
at org.testng.SuiteRunner.runTest(SuiteRunner.java:384)
at org.testng.SuiteRunner.access$000(SuiteRunner.java:28)
at org.testng.SuiteRunner$SuiteWorker.run(SuiteRunner.java:425)
at org.testng.internal.thread.ThreadUtil.lambda$execute$0(ThreadUtil.java:68)
at java.util.concurrent.FutureTask.run(FutureTask.java:266)
at java.util.concurrent.ThreadPoolExecutor.runWorker(ThreadPoolExecutor.java:1149)
at java.util.concurrent.ThreadPoolExecutor$Worker.run(ThreadPoolExecutor.java:624)
at java.lang.Thread.run(Thread.java:748)
]]>
            </full-stacktrace>
          </exception> <!-- java.lang.NoClassDefFoundError -->
          <reporter-output>
          </reporter-output>
        </test-method> <!-- cases -->
        <test-method status="PASS" signature="configAfterMethod()[pri:0, instance:com.crm.vtiger.test.CreateOrganWithAssignedToMarketingGrp_11@4b53f538]" name="configAfterMethod" is-config="true" duration-ms="6020" started-at="2021-03-25T21:45:40 IST" finished-at="2021-03-25T21:45:46 IST">
          <reporter-output>
          </reporter-output>
        </test-method> <!-- configAfterMethod -->
        <test-method status="PASS" signature="configAfterClass()[pri:0, instance:com.crm.vtiger.test.CreateOrganWithAssignedToMarketingGrp_11@4b53f538]" name="configAfterClass" is-config="true" duration-ms="1067" started-at="2021-03-25T21:45:46 IST" finished-at="2021-03-25T21:45:48 IST">
          <reporter-output>
          </reporter-output>
        </test-method> <!-- configAfterClass -->
      </class> <!-- com.crm.vtiger.test.CreateOrganWithAssignedToMarketingGrp_11 -->
      <class name="com.crm.vtiger.test.CreateOrganByuserAdmin_10">
        <test-method status="PASS" signature="configurBeforeclass()[pri:0, instance:com.crm.vtiger.test.CreateOrganByuserAdmin_10@134593bf]" name="configurBeforeclass" is-config="true" duration-ms="6455" started-at="2021-03-25T21:45:48 IST" finished-at="2021-03-25T21:45:54 IST">
          <reporter-output>
          </reporter-output>
        </test-method> <!-- configurBeforeclass -->
        <test-method status="PASS" signature="configBeforeMtd()[pri:0, instance:com.crm.vtiger.test.CreateOrganByuserAdmin_10@134593bf]" name="configBeforeMtd" is-config="true" duration-ms="5523" started-at="2021-03-25T21:45:54 IST" finished-at="2021-03-25T21:46:00 IST">
          <reporter-output>
          </reporter-output>
        </test-method> <!-- configBeforeMtd -->
        <test-method status="FAIL" signature="adminuserdropdon()[pri:0, instance:com.crm.vtiger.test.CreateOrganByuserAdmin_10@134593bf]" name="adminuserdropdon" duration-ms="2" started-at="2021-03-25T21:46:00 IST" finished-at="2021-03-25T21:46:00 IST">
          <exception class="java.lang.NoClassDefFoundError">
            <message>
              <![CDATA[Could not initialize class org.apache.poi.xssf.usermodel.XSSFWorkbookFactory]]>
            </message>
            <full-stacktrace>
              <![CDATA[java.lang.NoClassDefFoundError: Could not initialize class org.apache.poi.xssf.usermodel.XSSFWorkbookFactory
at sun.reflect.NativeMethodAccessorImpl.invoke0(Native Method)
at sun.reflect.NativeMethodAccessorImpl.invoke(NativeMethodAccessorImpl.java:62)
at sun.reflect.DelegatingMethodAccessorImpl.invoke(DelegatingMethodAccessorImpl.java:43)
at java.lang.reflect.Method.invoke(Method.java:498)
at org.apache.poi.ss.usermodel.WorkbookFactory.createWorkbook(WorkbookFactory.java:339)
at org.apache.poi.ss.usermodel.WorkbookFactory.createXSSFWorkbook(WorkbookFactory.java:314)
at org.apache.poi.ss.usermodel.WorkbookFactory.create(WorkbookFactory.java:232)
at org.apache.poi.ss.usermodel.WorkbookFactory.create(WorkbookFactory.java:198)
at com.crm.vtiger.genericutility.ExcelUtilities.getExceldata(ExcelUtilities.java:28)
at com.crm.vtiger.test.CreateOrganByuserAdmin_10.adminuserdropdon(CreateOrganByuserAdmin_10.java:17)
at sun.reflect.NativeMethodAccessorImpl.invoke0(Native Method)
at sun.reflect.NativeMethodAccessorImpl.invoke(NativeMethodAccessorImpl.java:62)
at sun.reflect.DelegatingMethodAccessorImpl.invoke(DelegatingMethodAccessorImpl.java:43)
at java.lang.reflect.Method.invoke(Method.java:498)
at org.testng.internal.MethodInvocationHelper.invokeMethod(MethodInvocationHelper.java:134)
at org.testng.internal.TestInvoker.invokeMethod(TestInvoker.java:597)
at org.testng.internal.TestInvoker.invokeTestMethod(TestInvoker.java:173)
at org.testng.internal.MethodRunner.runInSequence(MethodRunner.java:46)
at org.testng.internal.TestInvoker$MethodInvocationAgent.invoke(TestInvoker.java:816)
at org.testng.internal.TestInvoker.invokeTestMethods(TestInvoker.java:146)
at org.testng.internal.TestMethodWorker.invokeTestMethods(TestMethodWorker.java:146)
at org.testng.internal.TestMethodWorker.run(TestMethodWorker.java:128)
at java.util.ArrayList.forEach(ArrayList.java:1259)
at org.testng.TestRunner.privateRun(TestRunner.java:766)
at org.testng.TestRunner.run(TestRunner.java:587)
at org.testng.SuiteRunner.runTest(SuiteRunner.java:384)
at org.testng.SuiteRunner.access$000(SuiteRunner.java:28)
at org.testng.SuiteRunner$SuiteWorker.run(SuiteRunner.java:425)
at org.testng.internal.thread.ThreadUtil.lambda$execute$0(ThreadUtil.java:68)
at java.util.concurrent.FutureTask.run(FutureTask.java:266)
at java.util.concurrent.ThreadPoolExecutor.runWorker(ThreadPoolExecutor.java:1149)
at java.util.concurrent.ThreadPoolExecutor$Worker.run(ThreadPoolExecutor.java:624)
at java.lang.Thread.run(Thread.java:748)
]]>
            </full-stacktrace>
          </exception> <!-- java.lang.NoClassDefFoundError -->
          <reporter-output>
          </reporter-output>
        </test-method> <!-- adminuserdropdon -->
        <test-method status="PASS" signature="configAfterMethod()[pri:0, instance:com.crm.vtiger.test.CreateOrganByuserAdmin_10@134593bf]" name="configAfterMethod" is-config="true" duration-ms="5815" started-at="2021-03-25T21:46:00 IST" finished-at="2021-03-25T21:46:06 IST">
          <reporter-output>
          </reporter-output>
        </test-method> <!-- configAfterMethod -->
        <test-method status="PASS" signature="configAfterClass()[pri:0, instance:com.crm.vtiger.test.CreateOrganByuserAdmin_10@134593bf]" name="configAfterClass" is-config="true" duration-ms="1261" started-at="2021-03-25T21:46:06 IST" finished-at="2021-03-25T21:46:07 IST">
          <reporter-output>
          </reporter-output>
        </test-method> <!-- configAfterClass -->
      </class> <!-- com.crm.vtiger.test.CreateOrganByuserAdmin_10 -->
    </test> <!-- Test -->
  </suite> <!-- Suite -->
</testng-results>
