<?xml version="1.0" encoding="UTF-8"?>
<testng-results skipped="0" failed="4" ignored="6" total="10" passed="0">
  <reporter-output>
  </reporter-output>
  <suite name="Suite" duration-ms="86233" started-at="2021-03-25T23:20:46 IST" finished-at="2021-03-25T23:22:12 IST">
    <groups>
      <group name="regression">
        <method signature="CreateOrganByuserAdmin_10.adminuserdropdon()[pri:0, instance:com.crm.vtiger.test.CreateOrganByuserAdmin_10@134593bf]" name="adminuserdropdon" class="com.crm.vtiger.test.CreateOrganByuserAdmin_10"/>
        <method signature="CreateOrganWithAssignedToMarketingGrp_11.cases()[pri:0, instance:com.crm.vtiger.test.CreateOrganWithAssignedToMarketingGrp_11@4b53f538]" name="cases" class="com.crm.vtiger.test.CreateOrganWithAssignedToMarketingGrp_11"/>
      </group> <!-- regression -->
      <group name="smoke">
        <method signature="CreateOrganWitMembersof_6.executed()[pri:0, instance:com.crm.vtiger.test.CreateOrganWitMembersof_6@61ca2dfa]" name="executed" class="com.crm.vtiger.test.CreateOrganWitMembersof_6"/>
        <method signature="CreateOrganWithEmailoptOut_8.erase()[pri:0, instance:com.crm.vtiger.test.CreateOrganWithEmailoptOut_8@4bb4de6a]" name="erase" class="com.crm.vtiger.test.CreateOrganWithEmailoptOut_8"/>
        <method signature="CreateOrgaNameCheckForEnable_9.erase()[pri:0, instance:com.crm.vtiger.test.CreateOrgaNameCheckForEnable_9@6c9f5c0d]" name="erase" class="com.crm.vtiger.test.CreateOrgaNameCheckForEnable_9"/>
        <method signature="CreateOrganWithMemAndClear_7.erase()[pri:0, instance:com.crm.vtiger.test.CreateOrganWithMemAndClear_7@de3a06f]" name="erase" class="com.crm.vtiger.test.CreateOrganWithMemAndClear_7"/>
        <method signature="Createorganbyrating_12.rating()[pri:0, instance:com.crm.vtiger.test.Createorganbyrating_12@17695df3]" name="rating" class="com.crm.vtiger.test.Createorganbyrating_12"/>
      </group> <!-- smoke -->
    </groups>
    <test name="Test" duration-ms="86233" started-at="2021-03-25T23:20:46 IST" finished-at="2021-03-25T23:22:12 IST">
      <class name="com.crm.vtiger.test.CreateOrganWitMembersof_6">
        <test-method status="PASS" signature="configurBeforeclass()[pri:0, instance:com.crm.vtiger.test.CreateOrganWitMembersof_6@61ca2dfa]" name="configurBeforeclass" is-config="true" duration-ms="9874" started-at="2021-03-25T23:20:46 IST" finished-at="2021-03-25T23:20:56 IST">
          <reporter-output>
          </reporter-output>
        </test-method> <!-- configurBeforeclass -->
        <test-method status="PASS" signature="configBeforeMtd()[pri:0, instance:com.crm.vtiger.test.CreateOrganWitMembersof_6@61ca2dfa]" name="configBeforeMtd" is-config="true" duration-ms="6085" started-at="2021-03-25T23:20:56 IST" finished-at="2021-03-25T23:21:02 IST">
          <reporter-output>
          </reporter-output>
        </test-method> <!-- configBeforeMtd -->
        <test-method status="FAIL" signature="executed()[pri:0, instance:com.crm.vtiger.test.CreateOrganWitMembersof_6@61ca2dfa]" name="executed" duration-ms="248" started-at="2021-03-25T23:21:02 IST" finished-at="2021-03-25T23:21:03 IST">
          <exception class="java.lang.NoClassDefFoundError">
            <message>
              <![CDATA[Could not initialize class org.apache.poi.xssf.usermodel.XSSFWorkbookFactory]]>
            </message>
            <full-stacktrace>
              <![CDATA[java.lang.NoClassDefFoundError: Could not initialize class org.apache.poi.xssf.usermodel.XSSFWorkbookFactory
at sun.reflect.NativeMethodAccessorImpl.invoke0(Native Method)
at sun.reflect.NativeMethodAccessorImpl.invoke(Unknown Source)
at sun.reflect.DelegatingMethodAccessorImpl.invoke(Unknown Source)
at java.lang.reflect.Method.invoke(Unknown Source)
at org.apache.poi.ss.usermodel.WorkbookFactory.createWorkbook(WorkbookFactory.java:339)
at org.apache.poi.ss.usermodel.WorkbookFactory.createXSSFWorkbook(WorkbookFactory.java:314)
at org.apache.poi.ss.usermodel.WorkbookFactory.create(WorkbookFactory.java:232)
at org.apache.poi.ss.usermodel.WorkbookFactory.create(WorkbookFactory.java:198)
at com.crm.vtiger.genericutility.ExcelUtilities.getExceldata(ExcelUtilities.java:28)
at com.crm.vtiger.test.CreateOrganWitMembersof_6.executed(CreateOrganWitMembersof_6.java:22)
at sun.reflect.NativeMethodAccessorImpl.invoke0(Native Method)
at sun.reflect.NativeMethodAccessorImpl.invoke(Unknown Source)
at sun.reflect.DelegatingMethodAccessorImpl.invoke(Unknown Source)
at java.lang.reflect.Method.invoke(Unknown Source)
at org.testng.internal.MethodInvocationHelper.invokeMethod(MethodInvocationHelper.java:134)
at org.testng.internal.TestInvoker.invokeMethod(TestInvoker.java:597)
at org.testng.internal.TestInvoker.invokeTestMethod(TestInvoker.java:173)
at org.testng.internal.MethodRunner.runInSequence(MethodRunner.java:46)
at org.testng.internal.TestInvoker$MethodInvocationAgent.invoke(TestInvoker.java:816)
at org.testng.internal.TestInvoker.invokeTestMethods(TestInvoker.java:146)
at org.testng.internal.TestMethodWorker.invokeTestMethods(TestMethodWorker.java:146)
at org.testng.internal.TestMethodWorker.run(TestMethodWorker.java:128)
at java.util.ArrayList.forEach(Unknown Source)
at org.testng.TestRunner.privateRun(TestRunner.java:766)
at org.testng.TestRunner.run(TestRunner.java:587)
at org.testng.SuiteRunner.runTest(SuiteRunner.java:384)
at org.testng.SuiteRunner.access$000(SuiteRunner.java:28)
at org.testng.SuiteRunner$SuiteWorker.run(SuiteRunner.java:425)
at org.testng.internal.thread.ThreadUtil.lambda$execute$0(ThreadUtil.java:68)
at java.util.concurrent.FutureTask.run(Unknown Source)
at java.util.concurrent.ThreadPoolExecutor.runWorker(Unknown Source)
at java.util.concurrent.ThreadPoolExecutor$Worker.run(Unknown Source)
at java.lang.Thread.run(Unknown Source)
]]>
            </full-stacktrace>
          </exception> <!-- java.lang.NoClassDefFoundError -->
          <reporter-output>
          </reporter-output>
        </test-method> <!-- executed -->
        <test-method status="PASS" signature="configAfterMethod()[pri:0, instance:com.crm.vtiger.test.CreateOrganWitMembersof_6@61ca2dfa]" name="configAfterMethod" is-config="true" duration-ms="5829" started-at="2021-03-25T23:21:03 IST" finished-at="2021-03-25T23:21:09 IST">
          <reporter-output>
          </reporter-output>
        </test-method> <!-- configAfterMethod -->
        <test-method status="PASS" signature="configAfterClass()[pri:0, instance:com.crm.vtiger.test.CreateOrganWitMembersof_6@61ca2dfa]" name="configAfterClass" is-config="true" duration-ms="1283" started-at="2021-03-25T23:21:09 IST" finished-at="2021-03-25T23:21:10 IST">
          <reporter-output>
          </reporter-output>
        </test-method> <!-- configAfterClass -->
      </class> <!-- com.crm.vtiger.test.CreateOrganWitMembersof_6 -->
      <class name="com.crm.vtiger.test.CreateOrganWithEmailoptOut_8">
        <test-method status="PASS" signature="configurBeforeclass()[pri:0, instance:com.crm.vtiger.test.CreateOrganWithEmailoptOut_8@4bb4de6a]" name="configurBeforeclass" is-config="true" duration-ms="6680" started-at="2021-03-25T23:21:51 IST" finished-at="2021-03-25T23:21:58 IST">
          <reporter-output>
          </reporter-output>
        </test-method> <!-- configurBeforeclass -->
        <test-method status="PASS" signature="configBeforeMtd()[pri:0, instance:com.crm.vtiger.test.CreateOrganWithEmailoptOut_8@4bb4de6a]" name="configBeforeMtd" is-config="true" duration-ms="5770" started-at="2021-03-25T23:21:58 IST" finished-at="2021-03-25T23:22:04 IST">
          <reporter-output>
          </reporter-output>
        </test-method> <!-- configBeforeMtd -->
        <test-method status="FAIL" signature="erase()[pri:0, instance:com.crm.vtiger.test.CreateOrganWithEmailoptOut_8@4bb4de6a]" name="erase" duration-ms="2" started-at="2021-03-25T23:22:04 IST" finished-at="2021-03-25T23:22:04 IST">
          <exception class="java.lang.NoClassDefFoundError">
            <message>
              <![CDATA[Could not initialize class org.apache.poi.xssf.usermodel.XSSFWorkbookFactory]]>
            </message>
            <full-stacktrace>
              <![CDATA[java.lang.NoClassDefFoundError: Could not initialize class org.apache.poi.xssf.usermodel.XSSFWorkbookFactory
at sun.reflect.NativeMethodAccessorImpl.invoke0(Native Method)
at sun.reflect.NativeMethodAccessorImpl.invoke(Unknown Source)
at sun.reflect.DelegatingMethodAccessorImpl.invoke(Unknown Source)
at java.lang.reflect.Method.invoke(Unknown Source)
at org.apache.poi.ss.usermodel.WorkbookFactory.createWorkbook(WorkbookFactory.java:339)
at org.apache.poi.ss.usermodel.WorkbookFactory.createXSSFWorkbook(WorkbookFactory.java:314)
at org.apache.poi.ss.usermodel.WorkbookFactory.create(WorkbookFactory.java:232)
at org.apache.poi.ss.usermodel.WorkbookFactory.create(WorkbookFactory.java:198)
at com.crm.vtiger.genericutility.ExcelUtilities.getExceldata(ExcelUtilities.java:28)
at com.crm.vtiger.test.CreateOrganWithEmailoptOut_8.erase(CreateOrganWithEmailoptOut_8.java:16)
at sun.reflect.NativeMethodAccessorImpl.invoke0(Native Method)
at sun.reflect.NativeMethodAccessorImpl.invoke(Unknown Source)
at sun.reflect.DelegatingMethodAccessorImpl.invoke(Unknown Source)
at java.lang.reflect.Method.invoke(Unknown Source)
at org.testng.internal.MethodInvocationHelper.invokeMethod(MethodInvocationHelper.java:134)
at org.testng.internal.TestInvoker.invokeMethod(TestInvoker.java:597)
at org.testng.internal.TestInvoker.invokeTestMethod(TestInvoker.java:173)
at org.testng.internal.MethodRunner.runInSequence(MethodRunner.java:46)
at org.testng.internal.TestInvoker$MethodInvocationAgent.invoke(TestInvoker.java:816)
at org.testng.internal.TestInvoker.invokeTestMethods(TestInvoker.java:146)
at org.testng.internal.TestMethodWorker.invokeTestMethods(TestMethodWorker.java:146)
at org.testng.internal.TestMethodWorker.run(TestMethodWorker.java:128)
at java.util.ArrayList.forEach(Unknown Source)
at org.testng.TestRunner.privateRun(TestRunner.java:766)
at org.testng.TestRunner.run(TestRunner.java:587)
at org.testng.SuiteRunner.runTest(SuiteRunner.java:384)
at org.testng.SuiteRunner.access$000(SuiteRunner.java:28)
at org.testng.SuiteRunner$SuiteWorker.run(SuiteRunner.java:425)
at org.testng.internal.thread.ThreadUtil.lambda$execute$0(ThreadUtil.java:68)
at java.util.concurrent.FutureTask.run(Unknown Source)
at java.util.concurrent.ThreadPoolExecutor.runWorker(Unknown Source)
at java.util.concurrent.ThreadPoolExecutor$Worker.run(Unknown Source)
at java.lang.Thread.run(Unknown Source)
]]>
            </full-stacktrace>
          </exception> <!-- java.lang.NoClassDefFoundError -->
          <reporter-output>
          </reporter-output>
        </test-method> <!-- erase -->
        <test-method status="PASS" signature="configAfterMethod()[pri:0, instance:com.crm.vtiger.test.CreateOrganWithEmailoptOut_8@4bb4de6a]" name="configAfterMethod" is-config="true" duration-ms="6005" started-at="2021-03-25T23:22:05 IST" finished-at="2021-03-25T23:22:11 IST">
          <reporter-output>
          </reporter-output>
        </test-method> <!-- configAfterMethod -->
        <test-method status="PASS" signature="configAfterClass()[pri:0, instance:com.crm.vtiger.test.CreateOrganWithEmailoptOut_8@4bb4de6a]" name="configAfterClass" is-config="true" duration-ms="1406" started-at="2021-03-25T23:22:11 IST" finished-at="2021-03-25T23:22:12 IST">
          <reporter-output>
          </reporter-output>
        </test-method> <!-- configAfterClass -->
      </class> <!-- com.crm.vtiger.test.CreateOrganWithEmailoptOut_8 -->
      <class name="com.crm.vtiger.test.CreateOrganByuserAdmin_10">
        <test-method status="PASS" signature="configurBeforeclass()[pri:0, instance:com.crm.vtiger.test.CreateOrganByuserAdmin_10@134593bf]" name="configurBeforeclass" is-config="true" duration-ms="6658" started-at="2021-03-25T23:21:31 IST" finished-at="2021-03-25T23:21:37 IST">
          <reporter-output>
          </reporter-output>
        </test-method> <!-- configurBeforeclass -->
        <test-method status="PASS" signature="configBeforeMtd()[pri:0, instance:com.crm.vtiger.test.CreateOrganByuserAdmin_10@134593bf]" name="configBeforeMtd" is-config="true" duration-ms="5938" started-at="2021-03-25T23:21:37 IST" finished-at="2021-03-25T23:21:43 IST">
          <reporter-output>
          </reporter-output>
        </test-method> <!-- configBeforeMtd -->
        <test-method status="FAIL" signature="adminuserdropdon()[pri:0, instance:com.crm.vtiger.test.CreateOrganByuserAdmin_10@134593bf]" name="adminuserdropdon" duration-ms="2" started-at="2021-03-25T23:21:43 IST" finished-at="2021-03-25T23:21:43 IST">
          <exception class="java.lang.NoClassDefFoundError">
            <message>
              <![CDATA[Could not initialize class org.apache.poi.xssf.usermodel.XSSFWorkbookFactory]]>
            </message>
            <full-stacktrace>
              <![CDATA[java.lang.NoClassDefFoundError: Could not initialize class org.apache.poi.xssf.usermodel.XSSFWorkbookFactory
at sun.reflect.NativeMethodAccessorImpl.invoke0(Native Method)
at sun.reflect.NativeMethodAccessorImpl.invoke(Unknown Source)
at sun.reflect.DelegatingMethodAccessorImpl.invoke(Unknown Source)
at java.lang.reflect.Method.invoke(Unknown Source)
at org.apache.poi.ss.usermodel.WorkbookFactory.createWorkbook(WorkbookFactory.java:339)
at org.apache.poi.ss.usermodel.WorkbookFactory.createXSSFWorkbook(WorkbookFactory.java:314)
at org.apache.poi.ss.usermodel.WorkbookFactory.create(WorkbookFactory.java:232)
at org.apache.poi.ss.usermodel.WorkbookFactory.create(WorkbookFactory.java:198)
at com.crm.vtiger.genericutility.ExcelUtilities.getExceldata(ExcelUtilities.java:28)
at com.crm.vtiger.test.CreateOrganByuserAdmin_10.adminuserdropdon(CreateOrganByuserAdmin_10.java:17)
at sun.reflect.NativeMethodAccessorImpl.invoke0(Native Method)
at sun.reflect.NativeMethodAccessorImpl.invoke(Unknown Source)
at sun.reflect.DelegatingMethodAccessorImpl.invoke(Unknown Source)
at java.lang.reflect.Method.invoke(Unknown Source)
at org.testng.internal.MethodInvocationHelper.invokeMethod(MethodInvocationHelper.java:134)
at org.testng.internal.TestInvoker.invokeMethod(TestInvoker.java:597)
at org.testng.internal.TestInvoker.invokeTestMethod(TestInvoker.java:173)
at org.testng.internal.MethodRunner.runInSequence(MethodRunner.java:46)
at org.testng.internal.TestInvoker$MethodInvocationAgent.invoke(TestInvoker.java:816)
at org.testng.internal.TestInvoker.invokeTestMethods(TestInvoker.java:146)
at org.testng.internal.TestMethodWorker.invokeTestMethods(TestMethodWorker.java:146)
at org.testng.internal.TestMethodWorker.run(TestMethodWorker.java:128)
at java.util.ArrayList.forEach(Unknown Source)
at org.testng.TestRunner.privateRun(TestRunner.java:766)
at org.testng.TestRunner.run(TestRunner.java:587)
at org.testng.SuiteRunner.runTest(SuiteRunner.java:384)
at org.testng.SuiteRunner.access$000(SuiteRunner.java:28)
at org.testng.SuiteRunner$SuiteWorker.run(SuiteRunner.java:425)
at org.testng.internal.thread.ThreadUtil.lambda$execute$0(ThreadUtil.java:68)
at java.util.concurrent.FutureTask.run(Unknown Source)
at java.util.concurrent.ThreadPoolExecutor.runWorker(Unknown Source)
at java.util.concurrent.ThreadPoolExecutor$Worker.run(Unknown Source)
at java.lang.Thread.run(Unknown Source)
]]>
            </full-stacktrace>
          </exception> <!-- java.lang.NoClassDefFoundError -->
          <reporter-output>
          </reporter-output>
        </test-method> <!-- adminuserdropdon -->
        <test-method status="PASS" signature="configAfterMethod()[pri:0, instance:com.crm.vtiger.test.CreateOrganByuserAdmin_10@134593bf]" name="configAfterMethod" is-config="true" duration-ms="6330" started-at="2021-03-25T23:21:44 IST" finished-at="2021-03-25T23:21:50 IST">
          <reporter-output>
          </reporter-output>
        </test-method> <!-- configAfterMethod -->
        <test-method status="PASS" signature="configAfterClass()[pri:0, instance:com.crm.vtiger.test.CreateOrganByuserAdmin_10@134593bf]" name="configAfterClass" is-config="true" duration-ms="1435" started-at="2021-03-25T23:21:50 IST" finished-at="2021-03-25T23:21:51 IST">
          <reporter-output>
          </reporter-output>
        </test-method> <!-- configAfterClass -->
      </class> <!-- com.crm.vtiger.test.CreateOrganByuserAdmin_10 -->
      <class name="com.crm.vtiger.test.CreateOrganWithAssignedToMarketingGrp_11">
        <test-method status="PASS" signature="configurBeforeclass()[pri:0, instance:com.crm.vtiger.test.CreateOrganWithAssignedToMarketingGrp_11@4b53f538]" name="configurBeforeclass" is-config="true" duration-ms="6722" started-at="2021-03-25T23:21:10 IST" finished-at="2021-03-25T23:21:17 IST">
          <reporter-output>
          </reporter-output>
        </test-method> <!-- configurBeforeclass -->
        <test-method status="PASS" signature="configBeforeMtd()[pri:0, instance:com.crm.vtiger.test.CreateOrganWithAssignedToMarketingGrp_11@4b53f538]" name="configBeforeMtd" is-config="true" duration-ms="5997" started-at="2021-03-25T23:21:17 IST" finished-at="2021-03-25T23:21:23 IST">
          <reporter-output>
          </reporter-output>
        </test-method> <!-- configBeforeMtd -->
        <test-method status="FAIL" signature="cases()[pri:0, instance:com.crm.vtiger.test.CreateOrganWithAssignedToMarketingGrp_11@4b53f538]" name="cases" duration-ms="3" started-at="2021-03-25T23:21:23 IST" finished-at="2021-03-25T23:21:23 IST">
          <exception class="java.lang.NoClassDefFoundError">
            <message>
              <![CDATA[Could not initialize class org.apache.poi.xssf.usermodel.XSSFWorkbookFactory]]>
            </message>
            <full-stacktrace>
              <![CDATA[java.lang.NoClassDefFoundError: Could not initialize class org.apache.poi.xssf.usermodel.XSSFWorkbookFactory
at sun.reflect.NativeMethodAccessorImpl.invoke0(Native Method)
at sun.reflect.NativeMethodAccessorImpl.invoke(Unknown Source)
at sun.reflect.DelegatingMethodAccessorImpl.invoke(Unknown Source)
at java.lang.reflect.Method.invoke(Unknown Source)
at org.apache.poi.ss.usermodel.WorkbookFactory.createWorkbook(WorkbookFactory.java:339)
at org.apache.poi.ss.usermodel.WorkbookFactory.createXSSFWorkbook(WorkbookFactory.java:314)
at org.apache.poi.ss.usermodel.WorkbookFactory.create(WorkbookFactory.java:232)
at org.apache.poi.ss.usermodel.WorkbookFactory.create(WorkbookFactory.java:198)
at com.crm.vtiger.genericutility.ExcelUtilities.getExceldata(ExcelUtilities.java:28)
at com.crm.vtiger.test.CreateOrganWithAssignedToMarketingGrp_11.cases(CreateOrganWithAssignedToMarketingGrp_11.java:25)
at sun.reflect.NativeMethodAccessorImpl.invoke0(Native Method)
at sun.reflect.NativeMethodAccessorImpl.invoke(Unknown Source)
at sun.reflect.DelegatingMethodAccessorImpl.invoke(Unknown Source)
at java.lang.reflect.Method.invoke(Unknown Source)
at org.testng.internal.MethodInvocationHelper.invokeMethod(MethodInvocationHelper.java:134)
at org.testng.internal.TestInvoker.invokeMethod(TestInvoker.java:597)
at org.testng.internal.TestInvoker.invokeTestMethod(TestInvoker.java:173)
at org.testng.internal.MethodRunner.runInSequence(MethodRunner.java:46)
at org.testng.internal.TestInvoker$MethodInvocationAgent.invoke(TestInvoker.java:816)
at org.testng.internal.TestInvoker.invokeTestMethods(TestInvoker.java:146)
at org.testng.internal.TestMethodWorker.invokeTestMethods(TestMethodWorker.java:146)
at org.testng.internal.TestMethodWorker.run(TestMethodWorker.java:128)
at java.util.ArrayList.forEach(Unknown Source)
at org.testng.TestRunner.privateRun(TestRunner.java:766)
at org.testng.TestRunner.run(TestRunner.java:587)
at org.testng.SuiteRunner.runTest(SuiteRunner.java:384)
at org.testng.SuiteRunner.access$000(SuiteRunner.java:28)
at org.testng.SuiteRunner$SuiteWorker.run(SuiteRunner.java:425)
at org.testng.internal.thread.ThreadUtil.lambda$execute$0(ThreadUtil.java:68)
at java.util.concurrent.FutureTask.run(Unknown Source)
at java.util.concurrent.ThreadPoolExecutor.runWorker(Unknown Source)
at java.util.concurrent.ThreadPoolExecutor$Worker.run(Unknown Source)
at java.lang.Thread.run(Unknown Source)
]]>
            </full-stacktrace>
          </exception> <!-- java.lang.NoClassDefFoundError -->
          <reporter-output>
          </reporter-output>
        </test-method> <!-- cases -->
        <test-method status="PASS" signature="configAfterMethod()[pri:0, instance:com.crm.vtiger.test.CreateOrganWithAssignedToMarketingGrp_11@4b53f538]" name="configAfterMethod" is-config="true" duration-ms="5843" started-at="2021-03-25T23:21:24 IST" finished-at="2021-03-25T23:21:30 IST">
          <reporter-output>
          </reporter-output>
        </test-method> <!-- configAfterMethod -->
        <test-method status="PASS" signature="configAfterClass()[pri:0, instance:com.crm.vtiger.test.CreateOrganWithAssignedToMarketingGrp_11@4b53f538]" name="configAfterClass" is-config="true" duration-ms="887" started-at="2021-03-25T23:21:30 IST" finished-at="2021-03-25T23:21:31 IST">
          <reporter-output>
          </reporter-output>
        </test-method> <!-- configAfterClass -->
      </class> <!-- com.crm.vtiger.test.CreateOrganWithAssignedToMarketingGrp_11 -->
    </test> <!-- Test -->
  </suite> <!-- Suite -->
</testng-results>
