<?xml version="1.0" encoding="UTF-8"?>
<testng-results skipped="0" failed="0" total="1" passed="1">
  <reporter-output>
  </reporter-output>
  <suite name="Default suite" duration-ms="13028" started-at="2021-03-25T07:03:51Z" finished-at="2021-03-25T07:04:04Z">
    <groups>
    </groups>
    <test name="Default test" duration-ms="13028" started-at="2021-03-25T07:03:51Z" finished-at="2021-03-25T07:04:04Z">
      <class name="com.crm.vtiger.test.Connect">
        <test-method status="PASS" signature="contactcreate()[pri:0, instance:com.crm.vtiger.test.Connect@60c6f5b]" name="contactcreate" duration-ms="13004" started-at="2021-03-25T12:33:51Z" finished-at="2021-03-25T12:34:04Z">
          <reporter-output>
          </reporter-output>
        </test-method> <!-- contactcreate -->
      </class> <!-- com.crm.vtiger.test.Connect -->
    </test> <!-- Default test -->
  </suite> <!-- Default suite -->
</testng-results>
